<?xml version="1.0" encoding="UTF-8"?>
<testng-results skipped="0" failed="0" total="1" passed="1">
  <reporter-output>
  </reporter-output>
  <suite name="Surefire suite" duration-ms="25624" started-at="2022-07-09T14:54:30Z" finished-at="2022-07-09T14:54:56Z">
    <groups>
    </groups>
    <test name="Surefire test" duration-ms="25624" started-at="2022-07-09T14:54:30Z" finished-at="2022-07-09T14:54:56Z">
      <class name="sample.NewTest">
        <test-method status="PASS" signature="beforeTest()[pri:0, instance:sample.NewTest@7946e1f4]" name="beforeTest" is-config="true" duration-ms="8548" started-at="2022-07-09T20:24:30Z" finished-at="2022-07-09T20:24:39Z">
          <reporter-output>
          </reporter-output>
        </test-method> <!-- beforeTest -->
        <test-method status="PASS" signature="testEasy()[pri:0, instance:sample.NewTest@7946e1f4]" name="testEasy" duration-ms="14797" started-at="2022-07-09T20:24:39Z" finished-at="2022-07-09T20:24:54Z">
          <reporter-output>
          </reporter-output>
        </test-method> <!-- testEasy -->
        <test-method status="PASS" signature="afterTest()[pri:0, instance:sample.NewTest@7946e1f4]" name="afterTest" is-config="true" duration-ms="2262" started-at="2022-07-09T20:24:54Z" finished-at="2022-07-09T20:24:56Z">
          <reporter-output>
          </reporter-output>
        </test-method> <!-- afterTest -->
      </class> <!-- sample.NewTest -->
    </test> <!-- Surefire test -->
  </suite> <!-- Surefire suite -->
</testng-results>
