<?xml version="1.0" encoding="UTF-8"?>
<testng-results total="1" passed="1" failed="0" skipped="0">
  <reporter-output>
  </reporter-output>
  <suite started-at="2022-07-09T08:02:39Z" name="Default suite" finished-at="2022-07-09T08:02:54Z" duration-ms="14651">
    <groups>
    </groups>
    <test started-at="2022-07-09T08:02:39Z" name="Default test" finished-at="2022-07-09T08:02:54Z" duration-ms="14651">
      <class name="sample.NewTest">
        <test-method is-config="true" signature="beforeTest()[pri:0, instance:sample.NewTest@2812b107]" started-at="2022-07-09T13:32:39Z" name="beforeTest" finished-at="2022-07-09T13:32:46Z" duration-ms="6717" status="PASS">
          <reporter-output>
          </reporter-output>
        </test-method> <!-- beforeTest -->
        <test-method signature="testEasy()[pri:0, instance:sample.NewTest@2812b107]" started-at="2022-07-09T13:32:46Z" name="testEasy" finished-at="2022-07-09T13:32:52Z" duration-ms="6503" status="PASS">
          <reporter-output>
          </reporter-output>
        </test-method> <!-- testEasy -->
        <test-method is-config="true" signature="afterTest()[pri:0, instance:sample.NewTest@2812b107]" started-at="2022-07-09T13:32:52Z" name="afterTest" finished-at="2022-07-09T13:32:54Z" duration-ms="1414" status="PASS">
          <reporter-output>
          </reporter-output>
        </test-method> <!-- afterTest -->
      </class> <!-- sample.NewTest -->
    </test> <!-- Default test -->
  </suite> <!-- Default suite -->
</testng-results>
